<?xml version="1.0" encoding="utf-8"?><testsuites name="pytest tests"><testsuite name="pytest" errors="0" failures="0" skipped="0" tests="3" time="1.696" timestamp="2026-04-05T22:52:29.897963+03:00" hostname="DESKTOP-9FAMJG0"><testcase classname="tests.test_architecture" name="test_lora_output_shape" time="0.082" /><testcase classname="tests.test_peft" name="test_lora_requires_grad" time="0.000" /><testcase classname="tests.test_statistics" name="test_confidence_interval_logic" time="0.001" /></testsuite></testsuites>